<?xml version="1.0" encoding="UTF-8"?>
<!-- Generated by org.testng.reporters.JUnitReportReporter -->
<testsuite hostname="DESKTOP-MFKK583" failures="0" tests="1" name="TestRunner.RunnerTest" time="15.817" errors="0" timestamp="20 Jan 2024 11:19:25 GMT" skipped="0">
  <testcase classname="TestRunner.RunnerTest" name="runScenario" time="15.817"/>
</testsuite> <!-- TestRunner.RunnerTest -->
